c:\users\linus\source\repos\newgame\opengl\debug\opengl.pdb
c:\users\linus\source\repos\newgame\opengl\debug\opengl.idb
c:\users\linus\source\repos\newgame\opengl\debug\shader.obj
c:\users\linus\source\repos\newgame\opengl\debug\vao.obj
c:\users\linus\source\repos\newgame\opengl\debug\shader_loader.obj
c:\users\linus\source\repos\newgame\opengl\debug\texture.obj
c:\users\linus\source\repos\newgame\opengl\debug\camera.obj
c:\users\linus\source\repos\newgame\opengl\debug\gl.obj
c:\users\linus\source\repos\newgame\opengl\debug\gldebug.obj
c:\users\linus\source\repos\newgame\opengl\debug\models.obj
c:\users\linus\source\repos\newgame\opengl\debug\model_loader.obj
c:\users\linus\source\repos\newgame\opengl\debug\render.obj
c:\users\linus\source\repos\newgame\opengl\debug\font.obj
c:\users\linus\source\repos\newgame\opengl\debug\font_loader.obj
c:\users\linus\source\repos\newgame\opengl\debug\gui.obj
c:\users\linus\source\repos\newgame\opengl\debug\text.obj
c:\users\linus\source\repos\newgame\opengl\debug\dt.obj
c:\users\linus\source\repos\newgame\opengl\debug\framebuffer.obj
c:\users\linus\source\repos\newgame\debug\opengl.lib
c:\users\linus\source\repos\newgame\debug\opengl.pdb
c:\users\linus\source\repos\newgame\opengl\debug\opengl.tlog\cl.command.1.tlog
c:\users\linus\source\repos\newgame\opengl\debug\opengl.tlog\cl.read.1.tlog
c:\users\linus\source\repos\newgame\opengl\debug\opengl.tlog\cl.write.1.tlog
c:\users\linus\source\repos\newgame\opengl\debug\opengl.tlog\lib-link.read.1.tlog
c:\users\linus\source\repos\newgame\opengl\debug\opengl.tlog\lib-link.write.1.tlog
c:\users\linus\source\repos\newgame\opengl\debug\opengl.tlog\lib.command.1.tlog
