c:\users\linus\source\repos\newgame\app\debug\vc141.pdb
c:\users\linus\source\repos\newgame\app\debug\vc141.idb
c:\users\linus\source\repos\newgame\app\debug\contextwindow.obj
c:\users\linus\source\repos\newgame\app\debug\debug.obj
c:\users\linus\source\repos\newgame\app\debug\buttons.obj
c:\users\linus\source\repos\newgame\app\debug\event.obj
c:\users\linus\source\repos\newgame\app\debug\input.obj
c:\users\linus\source\repos\newgame\app\debug\keys.obj
c:\users\linus\source\repos\newgame\app\debug\mouse.obj
c:\users\linus\source\repos\newgame\app\debug\main.obj
c:\users\linus\source\repos\newgame\app\debug\app.obj
c:\users\linus\source\repos\newgame\app\debug\entityregistry.obj
c:\users\linus\source\repos\newgame\app\debug\edid-parse.obj
c:\users\linus\source\repos\newgame\app\debug\signal.obj
c:\users\linus\source\repos\newgame\app\debug\buttons.obj.enc
c:\users\linus\source\repos\newgame\debug\newgame.pdb
c:\users\linus\source\repos\newgame\debug\newgame.exe
c:\users\linus\source\repos\newgame\app\debug\app.tlog\cl.command.1.tlog
c:\users\linus\source\repos\newgame\app\debug\app.tlog\cl.read.1.tlog
c:\users\linus\source\repos\newgame\app\debug\app.tlog\cl.write.1.tlog
c:\users\linus\source\repos\newgame\app\debug\app.tlog\link.6324.read.1.tlog
c:\users\linus\source\repos\newgame\app\debug\app.tlog\link.6324.write.1.tlog
c:\users\linus\source\repos\newgame\app\debug\app.tlog\link.command.1.tlog
c:\users\linus\source\repos\newgame\app\debug\app.tlog\link.read.1.tlog
c:\users\linus\source\repos\newgame\app\debug\app.tlog\link.write.1.tlog
